c:\users\chris\kf6017\shellengine\shellengine\debug\vc140.pdb
c:\users\chris\kf6017\shellengine\shellengine\debug\vc140.idb
c:\users\chris\kf6017\shellengine\shellengine\debug\gameobjecttypes.obj
c:\users\chris\kf6017\shellengine\shellengine\debug\gametimer.obj
c:\users\chris\kf6017\shellengine\shellengine\debug\level.obj
c:\users\chris\kf6017\shellengine\shellengine\debug\mydrawengine.obj
c:\users\chris\kf6017\shellengine\shellengine\debug\myinputs.obj
c:\users\chris\kf6017\shellengine\shellengine\debug\mysoundengine.obj
c:\users\chris\kf6017\shellengine\shellengine\debug\objectmanager.obj
c:\users\chris\kf6017\shellengine\shellengine\debug\rendercomponent.obj
c:\users\chris\kf6017\shellengine\shellengine\debug\rock.obj
c:\users\chris\kf6017\shellengine\shellengine\debug\rockcollisioncomponent.obj
c:\users\chris\kf6017\shellengine\shellengine\debug\rockphysicscomponent.obj
c:\users\chris\kf6017\shellengine\shellengine\debug\rockrendercomponent.obj
c:\users\chris\kf6017\shellengine\shellengine\debug\shapes.obj
c:\users\chris\kf6017\shellengine\shellengine\debug\spaceship.obj
c:\users\chris\kf6017\shellengine\shellengine\debug\spaceshipcollisioncomponent.obj
c:\users\chris\kf6017\shellengine\shellengine\debug\spaceshipinputcomponent.obj
c:\users\chris\kf6017\shellengine\shellengine\debug\spaceshipphysicscomponent.obj
c:\users\chris\kf6017\shellengine\shellengine\debug\spaceshiprendercomponent.obj
c:\users\chris\kf6017\shellengine\shellengine\debug\vector2d.obj
c:\users\chris\kf6017\shellengine\shellengine\debug\wincode.obj
c:\users\chris\kf6017\shellengine\shellengine\debug\bullet.obj
c:\users\chris\kf6017\shellengine\shellengine\debug\bulletcollisioncomponent.obj
c:\users\chris\kf6017\shellengine\shellengine\debug\bulletphysicscomponent.obj
c:\users\chris\kf6017\shellengine\shellengine\debug\camera.obj
c:\users\chris\kf6017\shellengine\shellengine\debug\collisioncomponent.obj
c:\users\chris\kf6017\shellengine\shellengine\debug\errorlogger.obj
c:\users\chris\kf6017\shellengine\shellengine\debug\explosion.obj
c:\users\chris\kf6017\shellengine\shellengine\debug\explosionrendercomponent.obj
c:\users\chris\kf6017\shellengine\shellengine\debug\gamecode.obj
c:\users\chris\kf6017\shellengine\shellengine\debug\gameobject.obj
c:\users\chris\kf6017\shellengine\shellengine\debug\inputcomponent.obj
c:\users\chris\kf6017\shellengine\shellengine\debug\physicscomponent.obj
c:\users\chris\kf6017\shellengine\shellengine\debug\healthcomponent.obj
c:\users\chris\kf6017\shellengine\debug\shellengine.pdb
c:\users\chris\kf6017\shellengine\shellengine\debug\shellengine.tlog\cl.command.1.tlog
c:\users\chris\kf6017\shellengine\shellengine\debug\shellengine.tlog\cl.read.1.tlog
c:\users\chris\kf6017\shellengine\shellengine\debug\shellengine.tlog\cl.write.1.tlog
c:\users\chris\kf6017\shellengine\shellengine\debug\shellengine.tlog\link-cvtres.read.1.tlog
c:\users\chris\kf6017\shellengine\shellengine\debug\shellengine.tlog\link-cvtres.write.1.tlog
c:\users\chris\kf6017\shellengine\shellengine\debug\shellengine.tlog\link-rc.read.1.tlog
c:\users\chris\kf6017\shellengine\shellengine\debug\shellengine.tlog\link-rc.write.1.tlog
c:\users\chris\kf6017\shellengine\shellengine\debug\shellengine.tlog\link.13232-cvtres.read.1.tlog
c:\users\chris\kf6017\shellengine\shellengine\debug\shellengine.tlog\link.13232-cvtres.write.1.tlog
c:\users\chris\kf6017\shellengine\shellengine\debug\shellengine.tlog\link.13232-rc.read.1.tlog
c:\users\chris\kf6017\shellengine\shellengine\debug\shellengine.tlog\link.13232-rc.write.1.tlog
c:\users\chris\kf6017\shellengine\shellengine\debug\shellengine.tlog\link.13232.read.1.tlog
c:\users\chris\kf6017\shellengine\shellengine\debug\shellengine.tlog\link.13232.write.1.tlog
c:\users\chris\kf6017\shellengine\shellengine\debug\shellengine.tlog\link.command.1.tlog
c:\users\chris\kf6017\shellengine\shellengine\debug\shellengine.tlog\link.read.1.tlog
c:\users\chris\kf6017\shellengine\shellengine\debug\shellengine.tlog\link.write.1.tlog
