  Bullet.cpp
C:\Users\chris\AsteroidGame\ShellEngine\ShellEngine\vector2d.h(62,27): error C4596: '==': illegal qualified name in member declaration
C:\Users\chris\AsteroidGame\ShellEngine\ShellEngine\vector2d.h(93,30): error C4596: 'rotatedBy': illegal qualified name in member declaration
C:\Users\chris\AsteroidGame\ShellEngine\ShellEngine\Bullet.cpp(34,60): error C2664: 'void RenderComponent::LoadImageW(std::shared_ptr<GameObject>,wchar_t *)': cannot convert argument 2 from 'const wchar_t [11]' to 'wchar_t *'
C:\Users\chris\AsteroidGame\ShellEngine\ShellEngine\Bullet.cpp(34,47): message : Conversion from string literal loses const qualifier (see /Zc:strictStrings)
C:\Users\chris\AsteroidGame\ShellEngine\ShellEngine\RenderComponent.h(29,15): message : see declaration of 'RenderComponent::LoadImageW'
  BulletCollisionComponent.cpp
C:\Users\chris\AsteroidGame\ShellEngine\ShellEngine\Vector2D.h(62,27): error C4596: '==': illegal qualified name in member declaration
C:\Users\chris\AsteroidGame\ShellEngine\ShellEngine\Vector2D.h(93,30): error C4596: 'rotatedBy': illegal qualified name in member declaration
C:\Users\chris\AsteroidGame\ShellEngine\ShellEngine\mysoundengine.h(27,8): error C2039: 'wstring': is not a member of 'std'
C:\Program Files (x86)\Microsoft Visual Studio\2019\Community\VC\Tools\MSVC\14.27.29110\include\map(25): message : see declaration of 'std'
C:\Users\chris\AsteroidGame\ShellEngine\ShellEngine\mysoundengine.h(27,32): error C3646: 'm_sourceFileName': unknown override specifier
C:\Users\chris\AsteroidGame\ShellEngine\ShellEngine\mysoundengine.h(27,32): error C4430: missing type specifier - int assumed. Note: C++ does not support default-int
  BulletPhysicsComponent.cpp
C:\Users\chris\AsteroidGame\ShellEngine\ShellEngine\Vector2D.h(62,27): error C4596: '==': illegal qualified name in member declaration
C:\Users\chris\AsteroidGame\ShellEngine\ShellEngine\Vector2D.h(93,30): error C4596: 'rotatedBy': illegal qualified name in member declaration
C:\Users\chris\AsteroidGame\ShellEngine\ShellEngine\mysoundengine.h(27,8): error C2039: 'wstring': is not a member of 'std'
C:\Program Files (x86)\Microsoft Visual Studio\2019\Community\VC\Tools\MSVC\14.27.29110\include\map(25): message : see declaration of 'std'
C:\Users\chris\AsteroidGame\ShellEngine\ShellEngine\mysoundengine.h(27,32): error C3646: 'm_sourceFileName': unknown override specifier
C:\Users\chris\AsteroidGame\ShellEngine\ShellEngine\mysoundengine.h(27,32): error C4430: missing type specifier - int assumed. Note: C++ does not support default-int
  camera.cpp
C:\Users\chris\AsteroidGame\ShellEngine\ShellEngine\vector2d.h(62,27): error C4596: '==': illegal qualified name in member declaration
C:\Users\chris\AsteroidGame\ShellEngine\ShellEngine\vector2d.h(93,30): error C4596: 'rotatedBy': illegal qualified name in member declaration
  CollisionComponent.cpp
C:\Users\chris\AsteroidGame\ShellEngine\ShellEngine\Vector2D.h(62,27): error C4596: '==': illegal qualified name in member declaration
C:\Users\chris\AsteroidGame\ShellEngine\ShellEngine\Vector2D.h(93,30): error C4596: 'rotatedBy': illegal qualified name in member declaration
C:\Users\chris\AsteroidGame\ShellEngine\ShellEngine\mysoundengine.h(27,8): error C2039: 'wstring': is not a member of 'std'
C:\Program Files (x86)\Microsoft Visual Studio\2019\Community\VC\Tools\MSVC\14.27.29110\include\map(25): message : see declaration of 'std'
C:\Users\chris\AsteroidGame\ShellEngine\ShellEngine\mysoundengine.h(27,32): error C3646: 'm_sourceFileName': unknown override specifier
C:\Users\chris\AsteroidGame\ShellEngine\ShellEngine\mysoundengine.h(27,32): error C4430: missing type specifier - int assumed. Note: C++ does not support default-int
  ErrorLogger.cpp
  Explosion.cpp
C:\Users\chris\AsteroidGame\ShellEngine\ShellEngine\vector2d.h(62,27): error C4596: '==': illegal qualified name in member declaration
C:\Users\chris\AsteroidGame\ShellEngine\ShellEngine\vector2d.h(93,30): error C4596: 'rotatedBy': illegal qualified name in member declaration
  ExplosionRenderComponent.cpp
C:\Users\chris\AsteroidGame\ShellEngine\ShellEngine\vector2d.h(62,27): error C4596: '==': illegal qualified name in member declaration
C:\Users\chris\AsteroidGame\ShellEngine\ShellEngine\vector2d.h(93,30): error C4596: 'rotatedBy': illegal qualified name in member declaration
  gamecode.cpp
C:\Users\chris\AsteroidGame\ShellEngine\ShellEngine\vector2d.h(62,27): error C4596: '==': illegal qualified name in member declaration
C:\Users\chris\AsteroidGame\ShellEngine\ShellEngine\vector2d.h(93,30): error C4596: 'rotatedBy': illegal qualified name in member declaration
C:\Users\chris\AsteroidGame\ShellEngine\ShellEngine\Level.h(26,99): error C2440: 'default argument': cannot convert from 'const wchar_t [1]' to 'wchar_t *'
C:\Users\chris\AsteroidGame\ShellEngine\ShellEngine\Level.h(26,99): message : Conversion from string literal loses const qualifier (see /Zc:strictStrings)
C:\Users\chris\AsteroidGame\ShellEngine\ShellEngine\gamecode.cpp(302,12): warning C4244: 'argument': conversion from 'time_t' to 'unsigned int', possible loss of data
C:\Users\chris\AsteroidGame\ShellEngine\ShellEngine\gamecode.cpp(338,22): warning C4244: 'argument': conversion from 'double' to 'float', possible loss of data
  GameObject.cpp
C:\Users\chris\AsteroidGame\ShellEngine\ShellEngine\Vector2D.h(62,27): error C4596: '==': illegal qualified name in member declaration
C:\Users\chris\AsteroidGame\ShellEngine\ShellEngine\Vector2D.h(93,30): error C4596: 'rotatedBy': illegal qualified name in member declaration
C:\Users\chris\AsteroidGame\ShellEngine\ShellEngine\mysoundengine.h(27,8): error C2039: 'wstring': is not a member of 'std'
C:\Program Files (x86)\Microsoft Visual Studio\2019\Community\VC\Tools\MSVC\14.27.29110\include\map(25): message : see declaration of 'std'
C:\Users\chris\AsteroidGame\ShellEngine\ShellEngine\mysoundengine.h(27,32): error C3646: 'm_sourceFileName': unknown override specifier
C:\Users\chris\AsteroidGame\ShellEngine\ShellEngine\mysoundengine.h(27,32): error C4430: missing type specifier - int assumed. Note: C++ does not support default-int
  GameObjectTypes.cpp
C:\Users\chris\AsteroidGame\ShellEngine\ShellEngine\Vector2D.h(62,27): error C4596: '==': illegal qualified name in member declaration
C:\Users\chris\AsteroidGame\ShellEngine\ShellEngine\Vector2D.h(93,30): error C4596: 'rotatedBy': illegal qualified name in member declaration
C:\Users\chris\AsteroidGame\ShellEngine\ShellEngine\mysoundengine.h(27,8): error C2039: 'wstring': is not a member of 'std'
C:\Program Files (x86)\Microsoft Visual Studio\2019\Community\VC\Tools\MSVC\14.27.29110\include\map(25): message : see declaration of 'std'
C:\Users\chris\AsteroidGame\ShellEngine\ShellEngine\mysoundengine.h(27,32): error C3646: 'm_sourceFileName': unknown override specifier
C:\Users\chris\AsteroidGame\ShellEngine\ShellEngine\mysoundengine.h(27,32): error C4430: missing type specifier - int assumed. Note: C++ does not support default-int
